======================================================================
SANS HHC 2025 - Defang Challenge - Complete Solution
======================================================================

[*] Logging in...
[+] Logged in
[*] Entering game...
[+] In game
[*] Enabling CTF mode...
[+] CTF mode enabled
[*] Opening terminal...
[+] Opened: Its All About Defang
[+] Terminal loaded
[+] Switched to iframe

======================================================================
STEP 1: Extracting IOCs
======================================================================
[*] Extracting domains...
[+] Domains extracted
[*] Extracting IPs...
[+] IPs extracted
[*] Extracting URLs...
[+] URLs extracted
[*] Extracting emails...
[+] Emails extracted

[*] Switching to Defang tab...
[+] On Defang tab

[*] Entering SED command...
[+] SED applied

======================================================================
STEP 3: Populating JavaScript defanged arrays
======================================================================

[+] Populated arrays:
    - defangedIOCs: 9 items
    - defangedDomains: 3 items
    - defangedIPs: 2 items
    - defangedURLs: 2 items
    - defangedEmails: 2 items

======================================================================
STEP 4: Sending to Security Team
======================================================================

[*] Clicking Send button...
[*] Pre-submit check: {'error': 'defangedIOCs is empty or undefined'}

[+] Clicked Send to Security Team
[*] Alert: {'class': 'alert error', 'text': '🚨 Critical Alert! Missing malicious URLs mean residents might click on dangerous links! Connection Issue! Those unusual URLs are causing the security monitoring to fail! 🚨Check your URLs and try again! Dosis Neighborhood is counting on you!', 'visible': False}

======================================================================
STEP 5: Verifying completion
======================================================================


[!] Not in achievements yet
[*] Achievements text preview:
Home
Story
Map
Objectives
Items
Hints
Achievements
Settings
Achievements
Congratulations! You spoke with Lynn Schifano!
Tweet This!
Holiday Hack Orientation

[+] Done
