[Fri 27 Mar 2026 05:37:33 PM CDT] Starting Defang completion check...
============================================================
SANS HHC 2025 - Terminal 2: Complete Defang
============================================================

[*] Logging in...
[+] Logged in

[*] Entering game...
[*] Opening Terminal 2...
[+] Opened: Its All About Defang
[+] Terminal opened
[+] Switched to iframe

[*] Step 1: Extracting Domains...
[+] Domains extracted

[*] Step 2: Extracting IPs...
[+] IPs extracted

[*] Step 3: Extracting URLs...
[+] URLs extracted

[*] Step 4: Extracting Emails...
[+] Emails extracted

[*] Step 5: Defang & Report...
[+] On Defang tab

[*] Submitting...
[+] Submitted

[*] Verifying...

[✓] CHALLENGE COMPLETE!

[+] Done
[Fri 27 Mar 2026 05:40:16 PM CDT] ✗ Still pending, will retry in 15 min
---
[Fri 27 Mar 2026 05:45:01 PM CDT] Starting Defang completion check...
============================================================
SANS HHC 2025 - Terminal 2: Complete Defang
============================================================

[*] Logging in...
[+] Logged in

[*] Entering game...
[*] Opening Terminal 2...
[+] Opened: Its All About Defang
[+] Terminal opened
[+] Switched to iframe

[*] Step 1: Extracting Domains...
[+] Domains extracted

[*] Step 2: Extracting IPs...
[+] IPs extracted

[*] Step 3: Extracting URLs...
[+] URLs extracted

[*] Step 4: Extracting Emails...
[+] Emails extracted

[*] Step 5: Defang & Report...
[+] On Defang tab

[*] Submitting...
[+] Submitted

[*] Verifying...

[✓] CHALLENGE COMPLETE!

[+] Done
✓ Defang complete in objectives
✗ Defang NOT in achievements
[Fri 27 Mar 2026 05:48:45 PM CDT] ✓✓✓ DEFANG CONFIRMED COMPLETE!
[Fri 27 Mar 2026 05:48:45 PM CDT] Cron job removed - challenge complete!
---
