/home/claw/.openclaw/workspace/sans-challenge/defang_final_v4.py:150: SyntaxWarning: invalid escape sequence '\.'
  const dm = [...emlContent.matchAll(/[a-zA-Z0-9-]+\.icicleinnovations\.mail/g)];
======================================================================
SANS HHC 2025 - Defang Challenge - Final v4
======================================================================

[*] Logging in...
[+] Logged in
[*] Entering game...
[+] In game
[*] Enabling CTF mode...
[+] CTF mode enabled
[*] Opening terminal...
[+] Opened: Its All About Defang
[+] Terminal loaded
[+] Switched to iframe

======================================================================
STEP 1: Extracting IOCs
======================================================================
[+] Domains extracted
[+] IPs extracted
[+] URLs extracted
[+] Emails extracted

[*] Switching to Defang tab...
[+] On Defang tab

======================================================================
STEP 3: Setting variables AND submitting
======================================================================

[*] Submit result: Submitted via dispatchEvent
[*] Alert: Please defang some IOCs first before submitting

[*] Verifying completion...

[!] Not in achievements

[+] Done
