Traceback (most recent call last):
  File "/home/claw/.openclaw/workspace/sans-challenge/defang_hints_check.py", line 85, in solve
    driver.find_element(By.XPATH, "//button[@data-tab='reference-tab']").click()
    ~~~~~~~~~~~~~~~~~~~^^^^^^^^^^^^^^^^^^^^^^^^^^^^^^^^^^^^^^^^^^^^^^^^^
  File "/home/claw/.local/lib/python3.13/site-packages/selenium/webdriver/remote/webdriver.py", line 816, in find_element
    return self.execute(Command.FIND_ELEMENT, {"using": by, "value": value})["value"]
           ~~~~~~~~~~~~^^^^^^^^^^^^^^^^^^^^^^^^^^^^^^^^^^^^^^^^^^^^^^^^^^^^^
  File "/home/claw/.local/lib/python3.13/site-packages/selenium/webdriver/remote/webdriver.py", line 446, in execute
    self.error_handler.check_response(response)
    ~~~~~~~~~~~~~~~~~~~~~~~~~~~~~~~~~^^^^^^^^^^
  File "/home/claw/.local/lib/python3.13/site-packages/selenium/webdriver/remote/errorhandler.py", line 232, in check_response
    raise exception_class(message, screen, stacktrace)
selenium.common.exceptions.NoSuchElementException: Message: Unable to locate element: //button[@data-tab='reference-tab']; For documentation on this error, please visit: https://www.selenium.dev/documentation/webdriver/troubleshooting/errors#nosuchelementexception
Stacktrace:
RemoteError@chrome://remote/content/shared/RemoteError.sys.mjs:8:8
WebDriverError@chrome://remote/content/shared/webdriver/Errors.sys.mjs:199:5
NoSuchElementError@chrome://remote/content/shared/webdriver/Errors.sys.mjs:552:5
dom.find/</<@chrome://remote/content/shared/DOM.sys.mjs:136:16

======================================================================
SANS HHC 2025 - Checking Hints for Defang Challenge
======================================================================

[*] Logging in...
[+] Logged in
[*] Entering game...
[+] In game
[*] Opening terminal...
[+] Opened hint for: Its All About Defang
[!] No hint button found for Its All About Defang
[+] Terminal loaded

[*] Checking Reference tab for instructions...

[!] Error: Message: Unable to locate element: //button[@data-tab='reference-tab']; For documentation on this error, please visit: https://www.selenium.dev/documentation/webdriver/troubleshooting/errors#nosuchelementexception
Stacktrace:
RemoteError@chrome://remote/content/shared/RemoteError.sys.mjs:8:8
WebDriverError@chrome://remote/content/shared/webdriver/Errors.sys.mjs:199:5
NoSuchElementError@chrome://remote/content/shared/webdriver/Errors.sys.mjs:552:5
dom.find/</<@chrome://remote/content/shared/DOM.sys.mjs:136:16


[+] Done
