======================================================================
SANS HHC 2025 - Defang Challenge - SED UI Approach
======================================================================

[*] Logging in...
[+] Logged in
[*] Entering game...
[+] In game
[*] Enabling CTF mode...
[+] CTF mode enabled
[*] Opening terminal...
[+] Opened: Its All About Defang
[+] Terminal loaded
[+] Switched to iframe

======================================================================
STEP 1: Extracting IOCs
======================================================================
[*] Extracting domains...
[+] Domains extracted
[*] Extracting IPs...
[+] IPs extracted
[*] Extracting URLs...
[+] URLs extracted
[*] Extracting emails...
[+] Emails extracted

[*] Switching to Defang tab...
[+] On Defang tab

======================================================================
STEP 3: Using Custom SED Command
======================================================================

[*] Entering SED command...
[*] Entered SED: s/\./[.]/g; s/@/[@]/g; s/http/hxxp/g
[*] Clicking Apply SED button...
[+] SED command applied

======================================================================
STEP 4: Checking defanged list
======================================================================

[*] Defanged list:
Domains (3)icicleinnovations[.]mailmail[.]icicleinnovations[.]mailcore[.]icicleinnovations[.]mailIP Addresses (2)172[.]16[.]254[.]1192[.]168[.]1[.]1URLs (2)hxxps://icicleinnovations[.]mail/renovation-planner[.]exehxxps://icicleinnovations[.]mail/upload_photosEmail Addresses (2)sales[@]icicleinnovations[.]mailinfo[@]icicleinnovations[.]mail

[*] Submitting...
[+] Clicked 'Send to Security Team'
[*] Alert: 🚨 Critical Alert! Missing malicious URLs mean residents might click on dangerous links! Connection Issue! Those unusual URLs are causing the security monitoring to fail! 🚨Check your URLs and try again! Dosis Neighborhood is counting on you!

[*] Verifying completion...

[!] Not in achievements

[+] Done
