/home/claw/.openclaw/workspace/sans-challenge/defang_final_v2.py:152: SyntaxWarning: invalid escape sequence '\.'
  const domainMatches = [...emlContent.matchAll(/[a-zA-Z0-9-]+\.icicleinnovations\.mail/g)];
======================================================================
SANS HHC 2025 - Defang Challenge - Final v2
======================================================================

[*] Logging in...
[+] Logged in
[*] Entering game...
[+] In game
[*] Enabling CTF mode...
[+] CTF mode enabled
[*] Opening terminal...
[+] Opened: Its All About Defang
[+] Terminal loaded
[+] Switched to iframe

======================================================================
STEP 1: Extracting IOCs
======================================================================
[+] Domains extracted
[+] IPs extracted
[+] URLs extracted
[+] Emails extracted

[*] Switching to Defang tab...
[+] On Defang tab

======================================================================
STEP 3: Creating defanged IOCs
======================================================================

[+] Defanged: {'domains': ['mail[.]icicleinnovations[.]mail', 'core[.]icicleinnovations[.]mail'], 'emails': ['sales[@]icicleinnovations[.]mail', 'info[@]icicleinnovations[.]mail'], 'ips': ['172[.]16[.]254[.]1', '192[.]168[.]1[.]1'], 'total': 8, 'urls': ['hxxps[://]icicleinnovations.mail/renovation-planner.exe', 'hxxps[://]icicleinnovations.mail/upload_photos']}

======================================================================
STEP 4: Verifying defanged list
======================================================================

[*] Preview:
 mail[.]icicleinnovations[.]mail core[.]icicleinnovations[.]mail 172[.]16[.]254[.]1 192[.]168[.]1[.]1 hxxps[://]icicleinnovations.mail/renovation-planner.exe hxxps[://]icicleinnovations.mail/upload_photos sales[@]icicleinnovations[.]mail info[@]icicleinnovations[.]mail

[✓] All IOCs properly defanged!

[*] Submitting...
[+] Clicked 'Send to Security Team'
[*] Alert: Please defang some IOCs first before submitting

[*] Verifying completion...

[!] Not in achievements

[+] Done
