/home/claw/.openclaw/workspace/sans-challenge/defang_js_direct.py:157: SyntaxWarning: invalid escape sequence '\.'
  const domainMatches = [...emlContent.matchAll(/[a-zA-Z0-9-]+\.icicleinnovations\.mail/g)];
======================================================================
SANS HHC 2025 - Defang Challenge - JavaScript Direct
======================================================================

[*] Logging in...
[+] Logged in
[*] Entering game...
[+] In game
[*] Enabling CTF mode...
[+] CTF mode enabled
[*] Opening terminal...
[+] Opened: Its All About Defang
[+] Terminal loaded
[+] Switched to iframe

======================================================================
STEP 1: Extracting IOCs
======================================================================
[+] Domains extracted
[+] IPs extracted
[+] URLs extracted
[+] Emails extracted

[*] Switching to Defang tab...
[+] On Defang tab

======================================================================
STEP 3: Defanging via JavaScript
======================================================================

[+] Defanged: Called defangIOCs()

[*] Verifying defanged list...
[*] Preview: Domains (3)icicleinnovations[.]mailmail[.]icicleinnovations[.]mailcore[.]icicleinnovations[.]mailIP Addresses (2)172[.]16[.]254[.]1192[.]168[.]1[.]1URLs (2)https://icicleinnovations[.]mail/renovation-planner[.]exehttps://icicleinnovations[.]mail/upload_photosEmail Addresses (2)sales@icicleinnovations[.]mailinfo@icicleinnovations[.]mail

[!] Still has unescaped @
[!] Still has unescaped http

[*] Submitting...
[+] Clicked 'Send to Security Team'
[*] Alert: Kitchen Alert! Some IOCs don't look properly defanged. Check for dots and @ symbols!

[*] Verifying completion...

[!] Not in achievements

[+] Done
